<?xml version="1.0" encoding="UTF-8" ?>
<testsuite failures="0" time="0.001" errors="0" skipped="0" tests="1" name="com.gms.service.DeviceServiceTest">
  <properties>
    <property name="java.runtime.name" value="Java(TM) SE Runtime Environment"/>
    <property name="sun.boot.library.path" value="E:\Program Files\Java\jdk1.7.0_25\jre\bin"/>
    <property name="java.vm.version" value="23.25-b01"/>
    <property name="java.vm.vendor" value="Oracle Corporation"/>
    <property name="java.vendor.url" value="http://java.oracle.com/"/>
    <property name="path.separator" value=";"/>
    <property name="guice.disable.misplaced.annotation.check" value="true"/>
    <property name="java.vm.name" value="Java HotSpot(TM) 64-Bit Server VM"/>
    <property name="file.encoding.pkg" value="sun.io"/>
    <property name="user.script" value=""/>
    <property name="user.country" value="CN"/>
    <property name="sun.java.launcher" value="SUN_STANDARD"/>
    <property name="sun.os.patch.level" value=""/>
    <property name="java.vm.specification.name" value="Java Virtual Machine Specification"/>
    <property name="user.dir" value="G:\git\gas-management-system"/>
    <property name="java.runtime.version" value="1.7.0_25-b17"/>
    <property name="java.awt.graphicsenv" value="sun.awt.Win32GraphicsEnvironment"/>
    <property name="java.endorsed.dirs" value="E:\Program Files\Java\jdk1.7.0_25\jre\lib\endorsed"/>
    <property name="os.arch" value="amd64"/>
    <property name="java.io.tmpdir" value="C:\Users\Kevin\AppData\Local\Temp\"/>
    <property name="line.separator" value="
"/>
    <property name="java.vm.specification.vendor" value="Oracle Corporation"/>
    <property name="user.variant" value=""/>
    <property name="os.name" value="Windows 8"/>
    <property name="classworlds.conf" value="G:\programm language\java\maven\apache-maven-3.2.3\bin\m2.conf"/>
    <property name="sun.jnu.encoding" value="GBK"/>
    <property name="java.library.path" value="E:\Program Files\Java\jdk1.7.0_25\bin;C:\windows\Sun\Java\bin;C:\windows\system32;C:\windows;C:\Program Files (x86)\Common Files\NetSarang;C:\Program Files (x86)\PC Connectivity Solution\;C:\Program Files (x86)\NVIDIA Corporation\PhysX\Common;E:\oracle\product\10.2.0\db_1\bin;C:\windows\system32;C:\windows;C:\windows\System32\Wbem;C:\windows\System32\WindowsPowerShell\v1.0\;C:\Program Files (x86)\Intel\OpenCL SDK\2.0\bin\x86;C:\Program Files (x86)\Intel\OpenCL SDK\2.0\bin\x64;C:\Program Files\TortoiseSVN\bin;;E:\svnserver\bin;C:\Program Files\MySQL\MySQL Enterprise Backup 3.10.1\;C:\Program Files (x86)\MySQL\MySQL Utilities 1.3.6\;E:\Program Files\Java\jdk1.7.0_25\bin;E:\jboss-4.0.2\bin;G:\programm language\java\maven\apache-maven-3.2.3\bin;%CATALINA_HOME%\lib;%CATALINA_HOME%\bin;E:\Program Files\nginx\nginx-1.6.2;."/>
    <property name="java.specification.name" value="Java Platform API Specification"/>
    <property name="java.class.version" value="51.0"/>
    <property name="sun.management.compiler" value="HotSpot 64-Bit Tiered Compilers"/>
    <property name="os.version" value="6.2"/>
    <property name="user.home" value="C:\Users\Kevin"/>
    <property name="user.timezone" value="Asia/Shanghai"/>
    <property name="java.awt.printerjob" value="sun.awt.windows.WPrinterJob"/>
    <property name="java.specification.version" value="1.7"/>
    <property name="file.encoding" value="GBK"/>
    <property name="user.name" value="Kevin"/>
    <property name="java.class.path" value="G:\programm language\java\maven\apache-maven-3.2.3\boot\plexus-classworlds-2.5.1.jar"/>
    <property name="java.vm.specification.version" value="1.7"/>
    <property name="sun.arch.data.model" value="64"/>
    <property name="java.home" value="E:\Program Files\Java\jdk1.7.0_25\jre"/>
    <property name="sun.java.command" value="org.codehaus.plexus.classworlds.launcher.Launcher package"/>
    <property name="java.specification.vendor" value="Oracle Corporation"/>
    <property name="user.language" value="zh"/>
    <property name="awt.toolkit" value="sun.awt.windows.WToolkit"/>
    <property name="java.vm.info" value="mixed mode"/>
    <property name="java.version" value="1.7.0_25"/>
    <property name="java.ext.dirs" value="E:\Program Files\Java\jdk1.7.0_25\jre\lib\ext;C:\windows\Sun\Java\lib\ext"/>
    <property name="sun.boot.class.path" value="E:\Program Files\Java\jdk1.7.0_25\jre\lib\resources.jar;E:\Program Files\Java\jdk1.7.0_25\jre\lib\rt.jar;E:\Program Files\Java\jdk1.7.0_25\jre\lib\sunrsasign.jar;E:\Program Files\Java\jdk1.7.0_25\jre\lib\jsse.jar;E:\Program Files\Java\jdk1.7.0_25\jre\lib\jce.jar;E:\Program Files\Java\jdk1.7.0_25\jre\lib\charsets.jar;E:\Program Files\Java\jdk1.7.0_25\jre\lib\jfr.jar;E:\Program Files\Java\jdk1.7.0_25\jre\classes"/>
    <property name="java.vendor" value="Oracle Corporation"/>
    <property name="maven.home" value="G:\programm language\java\maven\apache-maven-3.2.3"/>
    <property name="file.separator" value="\"/>
    <property name="java.vendor.url.bug" value="http://bugreport.sun.com/bugreport/"/>
    <property name="sun.cpu.endian" value="little"/>
    <property name="sun.io.unicode.encoding" value="UnicodeLittle"/>
    <property name="sun.desktop" value="windows"/>
    <property name="sun.cpu.isalist" value="amd64"/>
  </properties>
  <testcase time="0.001" classname="com.gms.service.DeviceServiceTest" name="testSelect"/>
</testsuite>